<?xml version="1.0" encoding="UTF-8"?>
<coverage generated="1366385162">
  <project timestamp="1366385162">
    <package name="MCNLinkedIn\Authentication\Adapter">
      <file name="/Users/antoine/Sites/onoterat/devmodule/MCNLinkedIn/src/MCNLinkedIn/Authentication/Adapter/LinkedIn.php">
        <class name="LinkedIn" namespace="MCNLinkedIn\Authentication\Adapter" fullPackage="MCNLinkedIn" package="MCNLinkedIn">
          <metrics methods="2" coveredmethods="2" conditionals="0" coveredconditionals="0" statements="26" coveredstatements="26" elements="28" coveredelements="28"/>
        </class>
        <line num="0" type="stmt" count="1"/>
        <line num="69" type="method" name="__construct" crap="1" count="5"/>
        <line num="71" type="stmt" count="5"/>
        <line num="72" type="stmt" count="5"/>
        <line num="77" type="method" name="authenticate" crap="7" count="5"/>
        <line num="79" type="stmt" count="5"/>
        <line num="80" type="stmt" count="5"/>
        <line num="82" type="stmt" count="5"/>
        <line num="84" type="stmt" count="1"/>
        <line num="85" type="stmt" count="1"/>
        <line num="86" type="stmt" count="1"/>
        <line num="87" type="stmt" count="1"/>
        <line num="91" type="stmt" count="4"/>
        <line num="93" type="stmt" count="1"/>
        <line num="94" type="stmt" count="1"/>
        <line num="96" type="stmt" count="1"/>
        <line num="102" type="stmt" count="3"/>
        <line num="105" type="stmt" count="2"/>
        <line num="108" type="stmt" count="2"/>
        <line num="111" type="stmt" count="2"/>
        <line num="113" type="stmt" count="2"/>
        <line num="115" type="stmt" count="1"/>
        <line num="119" type="stmt" count="1"/>
        <line num="120" type="stmt" count="1"/>
        <line num="121" type="stmt" count="1"/>
        <line num="122" type="stmt" count="1"/>
        <line num="124" type="stmt" count="1"/>
        <line num="126" type="stmt" count="1"/>
        <line num="128" type="stmt" count="1"/>
        <line num="133" type="stmt" count="1"/>
        <metrics loc="132" ncloc="68" classes="1" methods="2" coveredmethods="2" conditionals="0" coveredconditionals="0" statements="26" coveredstatements="26" elements="28" coveredelements="28"/>
      </file>
    </package>
    <package name="MCNLinkedIn\Authentication">
      <file name="/Users/antoine/Sites/onoterat/devmodule/MCNLinkedIn/src/MCNLinkedIn/Authentication/Result.php">
        <class name="Result" namespace="MCNLinkedIn\Authentication" fullPackage="MCNLinkedIn" package="MCNLinkedIn">
          <metrics methods="0" coveredmethods="0" conditionals="0" coveredconditionals="0" statements="0" coveredstatements="0" elements="0" coveredelements="0"/>
        </class>
        <line num="55" type="stmt" count="1"/>
        <metrics loc="54" ncloc="11" classes="1" methods="0" coveredmethods="0" conditionals="0" coveredconditionals="0" statements="0" coveredstatements="0" elements="0" coveredelements="0"/>
      </file>
    </package>
    <package name="MCNLinkedIn\Entity">
      <file name="/Users/antoine/Sites/onoterat/devmodule/MCNLinkedIn/src/MCNLinkedIn/Entity/ConsumerTrait.php">
        <class name="ConsumerTrait" namespace="MCNLinkedIn\Entity" fullPackage="MCNLinkedIn" package="MCNLinkedIn">
          <metrics methods="6" coveredmethods="0" conditionals="0" coveredconditionals="0" statements="9" coveredstatements="0" elements="15" coveredelements="0"/>
        </class>
        <line num="76" type="method" name="setLinkedInAccessToken" crap="2" count="0"/>
        <line num="78" type="stmt" count="0"/>
        <line num="79" type="stmt" count="0"/>
        <line num="84" type="method" name="getLinkedInAccessToken" crap="2" count="0"/>
        <line num="86" type="stmt" count="0"/>
        <line num="92" type="method" name="setLinkedInId" crap="2" count="0"/>
        <line num="94" type="stmt" count="0"/>
        <line num="95" type="stmt" count="0"/>
        <line num="100" type="method" name="getLinkedInId" crap="2" count="0"/>
        <line num="102" type="stmt" count="0"/>
        <line num="108" type="method" name="setLinkedInTokenExpiresAt" crap="2" count="0"/>
        <line num="110" type="stmt" count="0"/>
        <line num="111" type="stmt" count="0"/>
        <line num="116" type="method" name="getLinkedInTokenExpiresAt" crap="2" count="0"/>
        <line num="118" type="stmt" count="0"/>
        <line num="121" type="stmt" count="1"/>
        <metrics loc="120" ncloc="44" classes="1" methods="6" coveredmethods="0" conditionals="0" coveredconditionals="0" statements="9" coveredstatements="0" elements="15" coveredelements="0"/>
      </file>
    </package>
    <package name="MCNLinkedIn\Options">
      <file name="/Users/antoine/Sites/onoterat/devmodule/MCNLinkedIn/src/MCNLinkedIn/Options/ApiServiceOptions.php">
        <class name="ApiServiceOptions" namespace="MCNLinkedIn\Options" fullPackage="MCNLinkedIn" package="MCNLinkedIn">
          <metrics methods="12" coveredmethods="1" conditionals="0" coveredconditionals="0" statements="23" coveredstatements="2" elements="35" coveredelements="3"/>
        </class>
        <line num="94" type="method" name="setProfileFields" crap="2" count="0"/>
        <line num="96" type="stmt" count="0"/>
        <line num="97" type="stmt" count="0"/>
        <line num="102" type="method" name="getProfileFields" crap="2" count="0"/>
        <line num="104" type="stmt" count="0"/>
        <line num="110" type="method" name="setAccessToken" crap="1" count="2"/>
        <line num="112" type="stmt" count="2"/>
        <line num="113" type="stmt" count="2"/>
        <line num="118" type="method" name="getAccessToken" crap="2" count="0"/>
        <line num="120" type="stmt" count="0"/>
        <line num="126" type="method" name="setScope" crap="2" count="0"/>
        <line num="128" type="stmt" count="0"/>
        <line num="129" type="stmt" count="0"/>
        <line num="134" type="method" name="getScope" crap="2" count="0"/>
        <line num="136" type="stmt" count="0"/>
        <line num="144" type="method" name="setAuthenticationEndPoint" crap="6" count="0"/>
        <line num="146" type="stmt" count="0"/>
        <line num="148" type="stmt" count="0"/>
        <line num="150" type="stmt" count="0"/>
        <line num="151" type="stmt" count="0"/>
        <line num="152" type="stmt" count="0"/>
        <line num="155" type="stmt" count="0"/>
        <line num="156" type="stmt" count="0"/>
        <line num="161" type="method" name="getAuthenticationEndPoint" crap="2" count="0"/>
        <line num="163" type="stmt" count="0"/>
        <line num="169" type="method" name="setKey" crap="2" count="0"/>
        <line num="171" type="stmt" count="0"/>
        <line num="172" type="stmt" count="0"/>
        <line num="177" type="method" name="getKey" crap="2" count="0"/>
        <line num="179" type="stmt" count="0"/>
        <line num="185" type="method" name="setSecret" crap="2" count="0"/>
        <line num="187" type="stmt" count="0"/>
        <line num="188" type="stmt" count="0"/>
        <line num="193" type="method" name="getSecret" crap="2" count="0"/>
        <line num="195" type="stmt" count="0"/>
        <line num="198" type="stmt" count="1"/>
        <metrics loc="197" ncloc="94" classes="1" methods="12" coveredmethods="1" conditionals="0" coveredconditionals="0" statements="23" coveredstatements="2" elements="35" coveredelements="3"/>
      </file>
    </package>
    <package name="MCNLinkedIn\Options\Authentication\Adapter">
      <file name="/Users/antoine/Sites/onoterat/devmodule/MCNLinkedIn/src/MCNLinkedIn/Options/Authentication/Adapter/LinkedIn.php">
        <class name="LinkedIn" namespace="MCNLinkedIn\Options\Authentication\Adapter" fullPackage="MCNLinkedIn" package="MCNLinkedIn">
          <metrics methods="9" coveredmethods="4" conditionals="0" coveredconditionals="0" statements="12" coveredstatements="4" elements="21" coveredelements="8"/>
        </class>
        <line num="78" type="method" name="getClassName" crap="1" count="5"/>
        <line num="80" type="stmt" count="5"/>
        <line num="88" type="method" name="getAdapterManagerAlias" crap="2" count="0"/>
        <line num="90" type="stmt" count="0"/>
        <line num="98" type="method" name="getServiceManagerAlias" crap="2" count="0"/>
        <line num="100" type="stmt" count="0"/>
        <line num="106" type="method" name="setEntityIdProperty" crap="2" count="0"/>
        <line num="108" type="stmt" count="0"/>
        <line num="109" type="stmt" count="0"/>
        <line num="114" type="method" name="getEntityIdProperty" crap="1" count="2"/>
        <line num="116" type="stmt" count="2"/>
        <line num="122" type="method" name="setEntityTokenExpiresAtProperty" crap="2" count="0"/>
        <line num="124" type="stmt" count="0"/>
        <line num="125" type="stmt" count="0"/>
        <line num="130" type="method" name="getEntityTokenExpiresAtProperty" crap="1" count="1"/>
        <line num="132" type="stmt" count="1"/>
        <line num="138" type="method" name="setEntityTokenProperty" crap="2" count="0"/>
        <line num="140" type="stmt" count="0"/>
        <line num="141" type="stmt" count="0"/>
        <line num="146" type="method" name="getEntityTokenProperty" crap="1" count="1"/>
        <line num="148" type="stmt" count="1"/>
        <line num="151" type="stmt" count="1"/>
        <metrics loc="150" ncloc="59" classes="1" methods="9" coveredmethods="4" conditionals="0" coveredconditionals="0" statements="12" coveredstatements="4" elements="21" coveredelements="8"/>
      </file>
    </package>
    <file name="/Users/antoine/Sites/onoterat/devmodule/MCNLinkedIn/src/MCNLinkedIn/Options/Exception/ExceptionInterface.php">
      <metrics loc="50" ncloc="7" classes="0" methods="0" coveredmethods="0" conditionals="0" coveredconditionals="0" statements="0" coveredstatements="0" elements="0" coveredelements="0"/>
    </file>
    <package name="MCNLinkedIn\Options\Exception">
      <file name="/Users/antoine/Sites/onoterat/devmodule/MCNLinkedIn/src/MCNLinkedIn/Options/Exception/InvalidArgumentException.php">
        <class name="InvalidArgumentException" namespace="MCNLinkedIn\Options\Exception" fullPackage="MCNLinkedIn" package="MCNLinkedIn">
          <metrics methods="0" coveredmethods="0" conditionals="0" coveredconditionals="0" statements="0" coveredstatements="0" elements="0" coveredelements="0"/>
        </class>
        <metrics loc="50" ncloc="7" classes="1" methods="0" coveredmethods="0" conditionals="0" coveredconditionals="0" statements="0" coveredstatements="0" elements="0" coveredelements="0"/>
      </file>
    </package>
    <package name="MCNLinkedIn\Service">
      <file name="/Users/antoine/Sites/onoterat/devmodule/MCNLinkedIn/src/MCNLinkedIn/Service/Api.php">
        <class name="Api" namespace="MCNLinkedIn\Service" fullPackage="MCNLinkedIn" package="MCNLinkedIn">
          <metrics methods="6" coveredmethods="2" conditionals="0" coveredconditionals="0" statements="39" coveredstatements="4" elements="45" coveredelements="6"/>
        </class>
        <line num="81" type="method" name="__construct" crap="2" count="5"/>
        <line num="83" type="stmt" count="5"/>
        <line num="84" type="stmt" count="5"/>
        <line num="85" type="stmt" count="5"/>
        <line num="90" type="method" name="getOptions" crap="1" count="2"/>
        <line num="92" type="stmt" count="2"/>
        <line num="100" type="method" name="getOAuth2Uri" crap="2" count="0"/>
        <line num="102" type="stmt" count="0"/>
        <line num="104" type="stmt" count="0"/>
        <line num="106" type="stmt" count="0"/>
        <line num="107" type="stmt" count="0"/>
        <line num="108" type="stmt" count="0"/>
        <line num="109" type="stmt" count="0"/>
        <line num="110" type="stmt" count="0"/>
        <line num="111" type="stmt" count="0"/>
        <line num="112" type="stmt" count="0"/>
        <line num="125" type="method" name="requestAccessToken" crap="6" count="0"/>
        <line num="127" type="stmt" count="0"/>
        <line num="128" type="stmt" count="0"/>
        <line num="130" type="stmt" count="0"/>
        <line num="131" type="stmt" count="0"/>
        <line num="132" type="stmt" count="0"/>
        <line num="133" type="stmt" count="0"/>
        <line num="134" type="stmt" count="0"/>
        <line num="135" type="stmt" count="0"/>
        <line num="136" type="stmt" count="0"/>
        <line num="138" type="stmt" count="0"/>
        <line num="140" type="stmt" count="0"/>
        <line num="142" type="stmt" count="0"/>
        <line num="145" type="stmt" count="0"/>
        <line num="146" type="stmt" count="0"/>
        <line num="154" type="method" name="fail" crap="6" count="0"/>
        <line num="156" type="stmt" count="0"/>
        <line num="158" type="stmt" count="0"/>
        <line num="160" type="stmt" count="0"/>
        <line num="163" type="stmt" count="0"/>
        <line num="172" type="method" name="getProfile" crap="2" count="0"/>
        <line num="174" type="stmt" count="0"/>
        <line num="175" type="stmt" count="0"/>
        <line num="176" type="stmt" count="0"/>
        <line num="177" type="stmt" count="0"/>
        <line num="178" type="stmt" count="0"/>
        <line num="179" type="stmt" count="0"/>
        <line num="181" type="stmt" count="0"/>
        <line num="182" type="stmt" count="0"/>
        <line num="185" type="stmt" count="1"/>
        <metrics loc="184" ncloc="103" classes="1" methods="6" coveredmethods="2" conditionals="0" coveredconditionals="0" statements="39" coveredstatements="4" elements="45" coveredelements="6"/>
      </file>
    </package>
    <file name="/Users/antoine/Sites/onoterat/devmodule/MCNLinkedIn/src/MCNLinkedIn/Service/Api/ConsumerInterface.php">
      <metrics loc="85" ncloc="20" classes="0" methods="0" coveredmethods="0" conditionals="0" coveredconditionals="0" statements="0" coveredstatements="0" elements="0" coveredelements="0"/>
    </file>
    <package name="MCNLinkedIn\Service\Exception">
      <file name="/Users/antoine/Sites/onoterat/devmodule/MCNLinkedIn/src/MCNLinkedIn/Service/Exception/ApiException.php">
        <class name="ApiException" namespace="MCNLinkedIn\Service\Exception" fullPackage="MCNLinkedIn" package="MCNLinkedIn">
          <metrics methods="0" coveredmethods="0" conditionals="0" coveredconditionals="0" statements="0" coveredstatements="0" elements="0" coveredelements="0"/>
        </class>
        <line num="51" type="stmt" count="1"/>
        <metrics loc="50" ncloc="7" classes="1" methods="0" coveredmethods="0" conditionals="0" coveredconditionals="0" statements="0" coveredstatements="0" elements="0" coveredelements="0"/>
      </file>
      <file name="/Users/antoine/Sites/onoterat/devmodule/MCNLinkedIn/src/MCNLinkedIn/Service/Exception/InvalidResponseException.php">
        <class name="InvalidResponseException" namespace="MCNLinkedIn\Service\Exception" fullPackage="MCNLinkedIn" package="MCNLinkedIn">
          <metrics methods="0" coveredmethods="0" conditionals="0" coveredconditionals="0" statements="0" coveredstatements="0" elements="0" coveredelements="0"/>
        </class>
        <metrics loc="50" ncloc="7" classes="1" methods="0" coveredmethods="0" conditionals="0" coveredconditionals="0" statements="0" coveredstatements="0" elements="0" coveredelements="0"/>
      </file>
    </package>
    <file name="/Users/antoine/Sites/onoterat/devmodule/MCNLinkedIn/src/MCNLinkedIn/Service/Exception/ExceptionInterface.php">
      <line num="51" type="stmt" count="1"/>
      <metrics loc="50" ncloc="7" classes="0" methods="0" coveredmethods="0" conditionals="0" coveredconditionals="0" statements="0" coveredstatements="0" elements="0" coveredelements="0"/>
    </file>
    <metrics files="12" loc="1172" ncloc="434" classes="9" methods="35" coveredmethods="9" conditionals="0" coveredconditionals="0" statements="109" coveredstatements="36" elements="144" coveredelements="45"/>
  </project>
</coverage>
